2025-11-25 14:01:12,284 - web_app.src.core.logger - INFO - Configuration initialized
2025-11-25 14:01:13,571 - web_app.src.core.logger - INFO - Запускаем приложение...
2025-11-25 14:01:13,571 - web_app.src.core.logger - INFO - Инициализируем таблицы
2025-11-25 14:01:13,686 - web_app.src.core.logger - INFO - Инициализируем соединение Redis
2025-11-25 14:04:58,297 - web_app.src.core.logger - INFO - Configuration initialized
2025-11-25 14:04:59,091 - web_app.src.core.logger - INFO - Запускаем приложение...
2025-11-25 14:04:59,092 - web_app.src.core.logger - INFO - Инициализируем таблицы
2025-11-25 14:04:59,155 - web_app.src.core.logger - INFO - Инициализируем соединение Redis
2025-11-25 14:26:15,305 - web_app.src.core.logger - INFO - Configuration initialized
2025-11-25 14:26:16,093 - web_app.src.core.logger - INFO - Запускаем приложение...
2025-11-25 14:26:16,093 - web_app.src.core.logger - INFO - Инициализируем таблицы
2025-11-25 14:26:16,155 - web_app.src.core.logger - INFO - Инициализируем соединение Redis
2025-11-26 10:31:39,603 - web_app.src.core.logger - INFO - Configuration initialized
2025-11-26 10:31:40,605 - web_app.src.core.logger - INFO - Запускаем приложение...
2025-11-26 10:31:40,605 - web_app.src.core.logger - INFO - Инициализируем таблицы
2025-11-26 10:31:40,754 - web_app.src.core.logger - INFO - Инициализируем соединение Redis
2025-11-26 10:32:33,004 - web_app.src.core.logger - ERROR - Unexpected error while creating request: 'price'
2025-11-26 10:33:32,604 - web_app.src.core.logger - INFO - Configuration initialized
2025-11-26 10:33:33,566 - web_app.src.core.logger - INFO - Запускаем приложение...
2025-11-26 10:33:33,566 - web_app.src.core.logger - INFO - Инициализируем таблицы
2025-11-26 10:33:33,634 - web_app.src.core.logger - INFO - Инициализируем соединение Redis
2025-11-26 10:42:37,815 - web_app.src.core.logger - INFO - Configuration initialized
2025-11-26 10:42:38,778 - web_app.src.core.logger - INFO - Запускаем приложение...
2025-11-26 10:42:38,778 - web_app.src.core.logger - INFO - Инициализируем таблицы
2025-11-26 10:42:38,842 - web_app.src.core.logger - INFO - Инициализируем соединение Redis
2025-11-26 10:48:54,485 - web_app.src.core.logger - INFO - Configuration initialized
2025-11-26 10:48:55,448 - web_app.src.core.logger - INFO - Запускаем приложение...
2025-11-26 10:48:55,449 - web_app.src.core.logger - INFO - Инициализируем таблицы
2025-11-26 10:48:55,512 - web_app.src.core.logger - INFO - Инициализируем соединение Redis
2025-11-26 10:56:54,367 - web_app.src.core.logger - INFO - Configuration initialized
2025-11-26 10:56:55,421 - web_app.src.core.logger - INFO - Запускаем приложение...
2025-11-26 10:56:55,421 - web_app.src.core.logger - INFO - Инициализируем таблицы
2025-11-26 10:56:55,500 - web_app.src.core.logger - INFO - Инициализируем соединение Redis
2025-11-26 10:58:28,642 - web_app.src.core.logger - INFO - Configuration initialized
2025-11-26 10:58:29,746 - web_app.src.core.logger - INFO - Запускаем приложение...
2025-11-26 10:58:29,746 - web_app.src.core.logger - INFO - Инициализируем таблицы
2025-11-26 10:58:29,811 - web_app.src.core.logger - INFO - Инициализируем соединение Redis
2025-11-26 10:58:37,709 - web_app.src.core.logger - ERROR - Unexpected error edit data request: [Errno 2] No such file or directory: '/web_app/templates/pdf_template.html'
2025-11-26 10:59:30,251 - web_app.src.core.logger - INFO - Configuration initialized
2025-11-26 10:59:31,227 - web_app.src.core.logger - INFO - Запускаем приложение...
2025-11-26 10:59:31,227 - web_app.src.core.logger - INFO - Инициализируем таблицы
2025-11-26 10:59:31,289 - web_app.src.core.logger - INFO - Инициализируем соединение Redis
2025-11-26 10:59:36,328 - web_app.src.core.logger - ERROR - Unexpected error edit data request: 'builtin_function_or_method' object is not iterable
2025-11-26 11:01:46,477 - web_app.src.core.logger - INFO - Configuration initialized
2025-11-26 11:01:47,446 - web_app.src.core.logger - INFO - Запускаем приложение...
2025-11-26 11:01:47,446 - web_app.src.core.logger - INFO - Инициализируем таблицы
2025-11-26 11:01:47,511 - web_app.src.core.logger - INFO - Инициализируем соединение Redis
2025-11-26 11:01:56,060 - web_app.src.core.logger - ERROR - Unexpected error edit data request: 'builtin_function_or_method' object is not iterable
2025-11-26 11:03:16,339 - web_app.src.core.logger - INFO - Configuration initialized
2025-11-26 11:03:17,594 - web_app.src.core.logger - INFO - Запускаем приложение...
2025-11-26 11:03:17,594 - web_app.src.core.logger - INFO - Инициализируем таблицы
2025-11-26 11:03:17,657 - web_app.src.core.logger - INFO - Инициализируем соединение Redis
2025-11-26 11:03:36,359 - web_app.src.core.logger - ERROR - Unexpected error edit data request: 'builtin_function_or_method' object is not iterable
2025-11-26 11:06:16,079 - web_app.src.core.logger - INFO - Configuration initialized
2025-11-26 11:06:17,036 - web_app.src.core.logger - INFO - Запускаем приложение...
2025-11-26 11:06:17,037 - web_app.src.core.logger - INFO - Инициализируем таблицы
2025-11-26 11:06:17,099 - web_app.src.core.logger - INFO - Инициализируем соединение Redis
2025-11-26 11:06:23,963 - web_app.src.core.logger - ERROR - Unexpected error edit data request: 
paragraph text '<para align="center"><font size="14"><b>\u0417\u0410\u042f\u0412\u041a\u0410 \u041d\u0410 \u041f\u0420\u0415\u0414\u041c\u0415\u0422\u042b</b></font></para> <br/><br/> <para><b>\u0418\u043d\u0444\u043e\u0440\u043c\u0430\u0446\u0438\u044f \u043e \u0437\u0430\u044f\u0432\u043a\u0435:</b></para> <para>\u0414\u0430\u0442\u0430 \u0444\u043e\u0440\u043c\u0438\u0440\u043e\u0432\u0430\u043d\u0438\u044f: 26.11.2025 11:06</para> <para>\u041d\u043e\u043c\u0435\u0440 \u0437\u0430\u044f\u0432\u043a\u0438: 7cbb2c7a-14a9-4d78-a7e3-260e8c39c43b</para> <para>\u0421\u0442\u0430\u0442\u0443\u0441: \u0437\u0430\u0440\u0435\u0433\u0438\u0441\u0442\u0440\u0438\u0440\u043e\u0432\u0430\u043d\u0430</para> <br/> <para><b>\u041f\u0440\u0435\u0434\u043c\u0435\u0442\u044b:</b></para> <para>1. \u0411\u0443\u043c\u0430\u0433\u0430 \u0434\u043b\u044f \u0437\u0430\u043c\u0435\u0442\u043e\u043a \u0441 \u043a\u043b\u0435\u0439\u043a\u0438\u043c \u043a\u0440\u0430\u0435\u043c - \u041a\u043e\u043b\u0438\u0447\u0435\u0441\u0442\u0432\u043e: 3</para> <para>2. \u0422\u043e\u0447\u0438\u043b\u043a\u0430 \u0434\u043b\u044f \u043a\u0430\u0440\u0430\u043d\u0434\u0430\u0448\u0435\u0439 - \u041a\u043e\u043b\u0438\u0447\u0435\u0441\u0442\u0432\u043e: 1</para> <br/>' caused exception list index out of range
2025-11-26 11:07:43,191 - web_app.src.core.logger - INFO - Configuration initialized
2025-11-26 11:07:44,214 - web_app.src.core.logger - INFO - Запускаем приложение...
2025-11-26 11:07:44,214 - web_app.src.core.logger - INFO - Инициализируем таблицы
2025-11-26 11:07:44,278 - web_app.src.core.logger - INFO - Инициализируем соединение Redis
2025-11-26 11:07:50,024 - web_app.src.core.logger - ERROR - Unexpected error edit data request: 
paragraph text '<para align="center"><font size="14"><b>\u0417\u0410\u042f\u0412\u041a\u0410 \u041d\u0410 \u041f\u0420\u0415\u0414\u041c\u0415\u0422\u042b</b></font></para> <para><br/><br/></para> <para><b>\u0418\u043d\u0444\u043e\u0440\u043c\u0430\u0446\u0438\u044f \u043e \u0437\u0430\u044f\u0432\u043a\u0435:</b></para> <para>\u0414\u0430\u0442\u0430 \u0444\u043e\u0440\u043c\u0438\u0440\u043e\u0432\u0430\u043d\u0438\u044f: 26.11.2025 11:07</para> <para>\u041d\u043e\u043c\u0435\u0440 \u0437\u0430\u044f\u0432\u043a\u0438: 7cbb2c7a-14a9-4d78-a7e3-260e8c39c43b</para> <para>\u0421\u0442\u0430\u0442\u0443\u0441: \u0437\u0430\u0440\u0435\u0433\u0438\u0441\u0442\u0440\u0438\u0440\u043e\u0432\u0430\u043d\u0430</para> <para><br/></para> <para><b>\u041f\u0440\u0435\u0434\u043c\u0435\u0442\u044b:</b></para> <para>1. \u0411\u0443\u043c\u0430\u0433\u0430 \u0434\u043b\u044f \u0437\u0430\u043c\u0435\u0442\u043e\u043a \u0441 \u043a\u043b\u0435\u0439\u043a\u0438\u043c \u043a\u0440\u0430\u0435\u043c - \u041a\u043e\u043b\u0438\u0447\u0435\u0441\u0442\u0432\u043e: 3</para> <para>2. \u0422\u043e\u0447\u0438\u043b\u043a\u0430 \u0434\u043b\u044f \u043a\u0430\u0440\u0430\u043d\u0434\u0430\u0448\u0435\u0439 - \u041a\u043e\u043b\u0438\u0447\u0435\u0441\u0442\u0432\u043e: 1</para> <para><br/></para>' caused exception list index out of range
2025-11-26 11:08:56,055 - web_app.src.core.logger - INFO - Configuration initialized
2025-11-26 11:08:57,036 - web_app.src.core.logger - INFO - Запускаем приложение...
2025-11-26 11:08:57,036 - web_app.src.core.logger - INFO - Инициализируем таблицы
2025-11-26 11:08:57,098 - web_app.src.core.logger - INFO - Инициализируем соединение Redis
2025-11-26 11:13:50,560 - web_app.src.core.logger - INFO - Configuration initialized
2025-11-26 11:13:51,522 - web_app.src.core.logger - INFO - Запускаем приложение...
2025-11-26 11:13:51,523 - web_app.src.core.logger - INFO - Инициализируем таблицы
2025-11-26 11:13:51,630 - web_app.src.core.logger - INFO - Инициализируем соединение Redis
2025-11-26 11:53:50,520 - web_app.src.core.logger - INFO - Configuration initialized
2025-11-26 11:53:51,517 - web_app.src.core.logger - INFO - Запускаем приложение...
2025-11-26 11:53:51,518 - web_app.src.core.logger - INFO - Инициализируем таблицы
2025-11-26 11:53:51,579 - web_app.src.core.logger - INFO - Инициализируем соединение Redis
2025-11-26 11:54:04,234 - web_app.src.core.logger - ERROR - Unexpected error: generate_pdf_with_emblem() got an unexpected keyword argument 'registration_number'
2025-11-26 11:54:56,134 - web_app.src.core.logger - INFO - Configuration initialized
2025-11-26 11:54:57,097 - web_app.src.core.logger - INFO - Запускаем приложение...
2025-11-26 11:54:57,097 - web_app.src.core.logger - INFO - Инициализируем таблицы
2025-11-26 11:54:57,160 - web_app.src.core.logger - INFO - Инициализируем соединение Redis
2025-11-26 11:55:00,925 - web_app.src.core.logger - ERROR - Unexpected error: seek of closed file
2025-11-26 11:57:27,379 - web_app.src.core.logger - INFO - Configuration initialized
2025-11-26 11:57:28,339 - web_app.src.core.logger - INFO - Запускаем приложение...
2025-11-26 11:57:28,339 - web_app.src.core.logger - INFO - Инициализируем таблицы
2025-11-26 11:57:28,402 - web_app.src.core.logger - INFO - Инициализируем соединение Redis
